2013-10-28 13:51:46,907-[TS] INFO main org.springframework.context.support.FileSystemXmlApplicationContext - Refreshing org.springframework.context.support.FileSystemXmlApplicationContext@eb7859: startup date [Mon Oct 28 13:51:46 CST 2013]; root of context hierarchy
2013-10-28 13:51:47,101-[TS] INFO main org.springframework.beans.factory.xml.XmlBeanDefinitionReader - Loading XML bean definitions from file [E:\webthingsProject\water\springioc\target\classes\spring.xml]
2013-10-28 13:51:47,606-[TS] INFO main org.springframework.beans.factory.xml.XmlBeanDefinitionReader - Loading XML bean definitions from file [E:\webthingsProject\water\springioc\target\classes\spring-context-dao.xml]
2013-10-28 13:51:47,696-[TS] INFO main org.springframework.beans.factory.xml.XmlBeanDefinitionReader - Loading XML bean definitions from file [E:\webthingsProject\water\springioc\target\classes\spring-context.xml]
2013-10-28 13:51:47,749-[TS] INFO main org.springframework.beans.factory.xml.XmlBeanDefinitionReader - Loading XML bean definitions from file [E:\webthingsProject\water\springioc\target\classes\spring-context-study.xml]
2013-10-28 13:51:47,929-[TS] INFO main org.springframework.beans.factory.xml.XmlBeanDefinitionReader - Loading XML bean definitions from file [E:\webthingsProject\water\springioc\target\classes\spring-manager.xml]
2013-10-28 13:51:47,975-[TS] INFO main org.springframework.beans.factory.xml.XmlBeanDefinitionReader - Loading XML bean definitions from file [E:\webthingsProject\water\springioc\target\classes\spring-context-custom.xml]
2013-10-28 13:51:48,472-[TS] INFO main org.springframework.beans.factory.support.DefaultListableBeanFactory - Pre-instantiating singletons in org.springframework.beans.factory.support.DefaultListableBeanFactory@290fbc: defining beans [personDao,personService,firstIoc,firstIoc1,firstIocForPrototype,firstIocForScopeRequest,singletonClass,clientServiceLocator,clientService,exampleBeanConstructor,exampleBeanConstructor1,exampleBean3,exampleBean3Another,exampleBean2,circularDependencyClass1,circularDependencyClass2,DAOPropertiesTest,DAOPropertiesTest2,idRefBean,innerBean,collectionBean,collectionBeanMerge,myValueCalculator,replacementComputeValue,objectContainerInitCallbacks,objectContainerDestroyCallbacks,abstractBean,abstractBeanImp,commandManager1,command1,org.springframework.beans.factory.config.CustomScopeConfigurer#0,lifecycleProcessor,com.web.things.springioc.InstantiationTracingBeanPostProcessor#0]; root of factory hierarchy
2013-10-28 13:51:48,476-[TS] INFO main com.web.things.springioc.InstantiationTracingBeanPostProcessor - Bean 'personDao' before created : com.web.things.springioc.dao.PersonDao@d3db51
2013-10-28 13:51:48,477-[TS] INFO main com.web.things.springioc.InstantiationTracingBeanPostProcessor - Bean 'personDao' created : com.web.things.springioc.dao.PersonDao@d3db51
2013-10-28 13:51:48,487-[TS] INFO main com.web.things.springioc.InstantiationTracingBeanPostProcessor - Bean 'personService' before created : com.web.things.springioc.service.imp.PersonServiceImp@13e58d4
2013-10-28 13:51:48,487-[TS] INFO main com.web.things.springioc.InstantiationTracingBeanPostProcessor - Bean 'personService' created : com.web.things.springioc.service.imp.PersonServiceImp@13e58d4
2013-10-28 13:51:48,493-[TS] INFO main com.web.things.springioc.InstantiationTracingBeanPostProcessor - Bean 'firstIocForPrototype' before created : com.web.things.springioc.FirstIocForPrototype@15a6029
2013-10-28 13:51:48,494-[TS] INFO main com.web.things.springioc.InstantiationTracingBeanPostProcessor - Bean 'firstIocForPrototype' created : com.web.things.springioc.FirstIocForPrototype@15a6029
2013-10-28 13:51:48,498-[TS] INFO main com.web.things.springioc.InstantiationTracingBeanPostProcessor - Bean 'firstIoc' before created : com.web.things.springioc.FirstIoc@bad8a8
2013-10-28 13:51:48,499-[TS] INFO main com.web.things.springioc.InstantiationTracingBeanPostProcessor - Bean 'firstIoc' created : com.web.things.springioc.FirstIoc@bad8a8
2013-10-28 13:51:48,503-[TS] INFO main com.web.things.springioc.InstantiationTracingBeanPostProcessor - Bean 'firstIoc1' before created : com.web.things.springioc.FirstIoc@179dce4
2013-10-28 13:51:48,504-[TS] INFO main com.web.things.springioc.InstantiationTracingBeanPostProcessor - Bean 'firstIoc1' created : com.web.things.springioc.FirstIoc@179dce4
2013-10-28 13:51:48,574-[TS] INFO main com.web.things.springioc.InstantiationTracingBeanPostProcessor - Bean 'singletonClass' before created : com.web.things.springioc.SingletonClass@c5495e
2013-10-28 13:51:48,575-[TS] INFO main com.web.things.springioc.InstantiationTracingBeanPostProcessor - Bean 'singletonClass' created : com.web.things.springioc.SingletonClass@c5495e
2013-10-28 13:51:48,577-[TS] INFO main com.web.things.springioc.InstantiationTracingBeanPostProcessor - Bean 'clientServiceLocator' before created : com.web.things.springioc.ClientServiceLocator@19a32e0
2013-10-28 13:51:48,578-[TS] INFO main com.web.things.springioc.InstantiationTracingBeanPostProcessor - Bean 'clientServiceLocator' created : com.web.things.springioc.ClientServiceLocator@19a32e0
2013-10-28 13:51:48,580-[TS] INFO main com.web.things.springioc.InstantiationTracingBeanPostProcessor - Bean 'clientService' before created : com.web.things.springioc.ClientServiceImpl@16925b0
2013-10-28 13:51:48,581-[TS] INFO main com.web.things.springioc.InstantiationTracingBeanPostProcessor - Bean 'clientService' created : com.web.things.springioc.ClientServiceImpl@16925b0
2013-10-28 13:51:48,617-[TS] INFO main com.web.things.springioc.InstantiationTracingBeanPostProcessor - Bean 'exampleBeanConstructor' before created : com.web.things.springioc.ExampleBean@1de9ac4
2013-10-28 13:51:48,618-[TS] INFO main com.web.things.springioc.InstantiationTracingBeanPostProcessor - Bean 'exampleBeanConstructor' created : com.web.things.springioc.ExampleBean@1de9ac4
2013-10-28 13:51:48,638-[TS] INFO main com.web.things.springioc.InstantiationTracingBeanPostProcessor - Bean 'exampleBeanConstructor1' before created : com.web.things.springioc.ExampleBean1@19e8329
2013-10-28 13:51:48,639-[TS] INFO main com.web.things.springioc.InstantiationTracingBeanPostProcessor - Bean 'exampleBeanConstructor1' created : com.web.things.springioc.ExampleBean1@19e8329
2013-10-28 13:51:48,641-[TS] INFO main com.web.things.springioc.InstantiationTracingBeanPostProcessor - Bean 'exampleBean3Another' before created : com.web.things.springioc.ExampleBean3Another@1b5340c
2013-10-28 13:51:48,642-[TS] INFO main com.web.things.springioc.InstantiationTracingBeanPostProcessor - Bean 'exampleBean3Another' created : com.web.things.springioc.ExampleBean3Another@1b5340c
2013-10-28 13:51:48,645-[TS] INFO main com.web.things.springioc.InstantiationTracingBeanPostProcessor - Bean 'exampleBean3' before created : com.web.things.springioc.ExampleBean3@b307f0
2013-10-28 13:51:48,645-[TS] INFO main com.web.things.springioc.InstantiationTracingBeanPostProcessor - Bean 'exampleBean3' created : com.web.things.springioc.ExampleBean3@b307f0
2013-10-28 13:51:48,651-[TS] INFO main com.web.things.springioc.InstantiationTracingBeanPostProcessor - Bean 'exampleBean2' before created : com.web.things.springioc.ExampleBean2@cf66b
2013-10-28 13:51:48,652-[TS] INFO main com.web.things.springioc.InstantiationTracingBeanPostProcessor - Bean 'exampleBean2' created : com.web.things.springioc.ExampleBean2@cf66b
2013-10-28 13:51:48,658-[TS] INFO main com.web.things.springioc.InstantiationTracingBeanPostProcessor - Bean 'circularDependencyClass2' before created : com.web.things.springioc.CircularDependencyClass2@db4fa2
2013-10-28 13:51:48,658-[TS] INFO main com.web.things.springioc.InstantiationTracingBeanPostProcessor - Bean 'circularDependencyClass2' created : com.web.things.springioc.CircularDependencyClass2@db4fa2
2013-10-28 13:51:48,663-[TS] INFO main com.web.things.springioc.InstantiationTracingBeanPostProcessor - Bean 'circularDependencyClass1' before created : com.web.things.springioc.CircularDependencyClass1@16f25a7
2013-10-28 13:51:48,663-[TS] INFO main com.web.things.springioc.InstantiationTracingBeanPostProcessor - Bean 'circularDependencyClass1' created : com.web.things.springioc.CircularDependencyClass1@16f25a7
2013-10-28 13:51:48,669-[TS] INFO main com.web.things.springioc.InstantiationTracingBeanPostProcessor - Bean 'DAOPropertiesTest' before created : com.web.things.springioc.dao.DaoProperties@32efa7
2013-10-28 13:51:48,670-[TS] INFO main com.web.things.springioc.InstantiationTracingBeanPostProcessor - Bean 'DAOPropertiesTest' created : com.web.things.springioc.dao.DaoProperties@32efa7
2013-10-28 13:51:48,672-[TS] INFO main com.web.things.springioc.InstantiationTracingBeanPostProcessor - Bean 'DAOPropertiesTest2' before created : com.web.things.springioc.dao.DaoProperties@13f991
2013-10-28 13:51:48,673-[TS] INFO main com.web.things.springioc.InstantiationTracingBeanPostProcessor - Bean 'DAOPropertiesTest2' created : com.web.things.springioc.dao.DaoProperties@13f991
2013-10-28 13:51:48,678-[TS] INFO main com.web.things.springioc.InstantiationTracingBeanPostProcessor - Bean 'idRefBean' before created : com.web.things.springioc.IdRefBean@e06940
2013-10-28 13:51:48,678-[TS] INFO main com.web.things.springioc.InstantiationTracingBeanPostProcessor - Bean 'idRefBean' created : com.web.things.springioc.IdRefBean@e06940
2013-10-28 13:51:48,680-[TS] INFO main com.web.things.springioc.InstantiationTracingBeanPostProcessor - Bean 'com.web.things.springioc.ExampleBean#adb1d4' before created : com.web.things.springioc.ExampleBean@1bb5c09
2013-10-28 13:51:48,681-[TS] INFO main com.web.things.springioc.InstantiationTracingBeanPostProcessor - Bean 'com.web.things.springioc.ExampleBean#adb1d4' created : com.web.things.springioc.ExampleBean@1bb5c09
2013-10-28 13:51:48,685-[TS] INFO main com.web.things.springioc.InstantiationTracingBeanPostProcessor - Bean 'innerBean' before created : com.web.things.springioc.InnerBean@1878144
2013-10-28 13:51:48,685-[TS] INFO main com.web.things.springioc.InstantiationTracingBeanPostProcessor - Bean 'innerBean' created : com.web.things.springioc.InnerBean@1878144
2013-10-28 13:51:48,696-[TS] INFO main com.web.things.springioc.InstantiationTracingBeanPostProcessor - Bean 'collectionBean' before created : com.web.things.springioc.CollectionBean@858bf1
2013-10-28 13:51:48,697-[TS] INFO main com.web.things.springioc.InstantiationTracingBeanPostProcessor - Bean 'collectionBean' created : com.web.things.springioc.CollectionBean@858bf1
2013-10-28 13:51:48,700-[TS] INFO main com.web.things.springioc.InstantiationTracingBeanPostProcessor - Bean 'collectionBeanMerge' before created : com.web.things.springioc.CollectionBean@1a68ef9
2013-10-28 13:51:48,701-[TS] INFO main com.web.things.springioc.InstantiationTracingBeanPostProcessor - Bean 'collectionBeanMerge' created : com.web.things.springioc.CollectionBean@1a68ef9
2013-10-28 13:51:48,927-[TS] INFO main com.web.things.springioc.InstantiationTracingBeanPostProcessor - Bean 'myValueCalculator' before created : com.web.things.springioc.MyValueCalculator$$EnhancerByCGLIB$$c091bf52@b1074a
2013-10-28 13:51:48,928-[TS] INFO main com.web.things.springioc.InstantiationTracingBeanPostProcessor - Bean 'myValueCalculator' created : com.web.things.springioc.MyValueCalculator$$EnhancerByCGLIB$$c091bf52@b1074a
2013-10-28 13:51:48,929-[TS] INFO main com.web.things.springioc.InstantiationTracingBeanPostProcessor - Bean 'replacementComputeValue' before created : com.web.things.springioc.ReplacementComputeValue@55a338
2013-10-28 13:51:48,929-[TS] INFO main com.web.things.springioc.InstantiationTracingBeanPostProcessor - Bean 'replacementComputeValue' created : com.web.things.springioc.ReplacementComputeValue@55a338
2013-10-28 13:51:48,930-[TS] INFO main com.web.things.springioc.InstantiationTracingBeanPostProcessor - Bean 'objectContainerInitCallbacks' before created : com.web.things.springioc.ObjectContainerInitCallbacks@4ee70b
2013-10-28 13:51:48,931-[TS] INFO main com.web.things.springioc.InstantiationTracingBeanPostProcessor - Bean 'objectContainerInitCallbacks' created : com.web.things.springioc.ObjectContainerInitCallbacks@4ee70b
2013-10-28 13:51:48,933-[TS] INFO main com.web.things.springioc.InstantiationTracingBeanPostProcessor - Bean 'objectContainerDestroyCallbacks' before created : com.web.things.springioc.ObjectContainerDestroyCallbacks@22ab57
2013-10-28 13:51:48,933-[TS] INFO main com.web.things.springioc.InstantiationTracingBeanPostProcessor - Bean 'objectContainerDestroyCallbacks' created : com.web.things.springioc.ObjectContainerDestroyCallbacks@22ab57
2013-10-28 13:51:48,941-[TS] INFO main com.web.things.springioc.InstantiationTracingBeanPostProcessor - Bean 'abstractBeanImp' before created : com.web.things.springioc.AbstractBeanImp@1cb52ae
2013-10-28 13:51:48,942-[TS] INFO main com.web.things.springioc.InstantiationTracingBeanPostProcessor - Bean 'abstractBeanImp' created : com.web.things.springioc.AbstractBeanImp@1cb52ae
2013-10-28 13:51:48,951-[TS] INFO main com.web.things.springioc.InstantiationTracingBeanPostProcessor - Bean 'commandManager1' before created : com.web.things.springioc.manager.CommandManager1$$EnhancerByCGLIB$$2edd3628@1b446d1
2013-10-28 13:51:48,952-[TS] INFO main com.web.things.springioc.InstantiationTracingBeanPostProcessor - Bean 'commandManager1' created : com.web.things.springioc.manager.CommandManager1$$EnhancerByCGLIB$$2edd3628@1b446d1
2013-10-28 13:51:48,957-[TS] INFO main com.web.things.springioc.InstantiationTracingBeanPostProcessor - Bean 'command1' before created : com.web.things.springioc.Command@59fb21
2013-10-28 13:51:48,957-[TS] INFO main com.web.things.springioc.InstantiationTracingBeanPostProcessor - Bean 'command1' created : com.web.things.springioc.Command@59fb21
2013-10-28 13:51:48,965-[TS] INFO main com.web.things.springioc.InstantiationTracingBeanPostProcessor - Bean 'lifecycleProcessor' before created : org.springframework.context.support.DefaultLifecycleProcessor@ed662d
2013-10-28 13:51:48,966-[TS] INFO main com.web.things.springioc.InstantiationTracingBeanPostProcessor - Bean 'lifecycleProcessor' created : org.springframework.context.support.DefaultLifecycleProcessor@ed662d
2013-10-28 13:51:49,011-[TS] INFO main org.springframework.context.support.FileSystemXmlApplicationContext - Refreshing org.springframework.context.support.FileSystemXmlApplicationContext@701a27: startup date [Mon Oct 28 13:51:49 CST 2013]; root of context hierarchy
2013-10-28 13:51:49,021-[TS] INFO main org.springframework.beans.factory.xml.XmlBeanDefinitionReader - Loading XML bean definitions from file [E:\webthingsProject\water\springioc\target\classes\spring-context.xml]
2013-10-28 13:51:49,063-[TS] INFO main org.springframework.beans.factory.xml.XmlBeanDefinitionReader - Loading XML bean definitions from file [E:\webthingsProject\water\springioc\target\classes\spring-context-study.xml]
2013-10-28 13:51:49,154-[TS] INFO main org.springframework.beans.factory.xml.XmlBeanDefinitionReader - Loading XML bean definitions from file [E:\webthingsProject\water\springioc\target\classes\spring-context-dao.xml]
2013-10-28 13:51:49,182-[TS] INFO main org.springframework.beans.factory.xml.XmlBeanDefinitionReader - Loading XML bean definitions from file [E:\webthingsProject\water\springioc\target\classes\spring-manager.xml]
2013-10-28 13:51:49,267-[TS] INFO main org.springframework.beans.factory.support.DefaultListableBeanFactory - Pre-instantiating singletons in org.springframework.beans.factory.support.DefaultListableBeanFactory@238a47: defining beans [personService,firstIoc,firstIoc1,firstIocForPrototype,firstIocForScopeRequest,singletonClass,clientServiceLocator,clientService,exampleBeanConstructor,exampleBeanConstructor1,exampleBean3,exampleBean3Another,exampleBean2,circularDependencyClass1,circularDependencyClass2,DAOPropertiesTest,DAOPropertiesTest2,idRefBean,innerBean,collectionBean,collectionBeanMerge,myValueCalculator,replacementComputeValue,objectContainerInitCallbacks,objectContainerDestroyCallbacks,abstractBean,abstractBeanImp,personDao,commandManager1,command1]; root of factory hierarchy
2013-10-28 13:52:54,574-[TS] INFO main org.springframework.context.support.ClassPathXmlApplicationContext - Refreshing org.springframework.context.support.ClassPathXmlApplicationContext@1858610: startup date [Mon Oct 28 13:52:54 CST 2013]; root of context hierarchy
2013-10-28 13:52:54,759-[TS] INFO main org.springframework.beans.factory.xml.XmlBeanDefinitionReader - Loading XML bean definitions from class path resource [spring.xml]
2013-10-28 13:52:55,090-[TS] INFO main org.springframework.beans.factory.xml.XmlBeanDefinitionReader - Loading XML bean definitions from class path resource [spring-context-dao.xml]
2013-10-28 13:52:55,183-[TS] INFO main org.springframework.beans.factory.xml.XmlBeanDefinitionReader - Loading XML bean definitions from class path resource [spring-context.xml]
2013-10-28 13:52:55,233-[TS] INFO main org.springframework.beans.factory.xml.XmlBeanDefinitionReader - Loading XML bean definitions from class path resource [spring-context-study.xml]
2013-10-28 13:52:55,345-[TS] INFO main org.springframework.beans.factory.xml.XmlBeanDefinitionReader - Loading XML bean definitions from class path resource [spring-manager.xml]
2013-10-28 13:52:55,382-[TS] INFO main org.springframework.beans.factory.xml.XmlBeanDefinitionReader - Loading XML bean definitions from class path resource [spring-context-custom.xml]
2013-10-28 13:52:55,825-[TS] INFO main org.springframework.beans.factory.support.DefaultListableBeanFactory - Pre-instantiating singletons in org.springframework.beans.factory.support.DefaultListableBeanFactory@120d62b: defining beans [personDao,personService,firstIoc,firstIoc1,firstIocForPrototype,firstIocForScopeRequest,singletonClass,clientServiceLocator,clientService,exampleBeanConstructor,exampleBeanConstructor1,exampleBean3,exampleBean3Another,exampleBean2,circularDependencyClass1,circularDependencyClass2,DAOPropertiesTest,DAOPropertiesTest2,idRefBean,innerBean,collectionBean,collectionBeanMerge,myValueCalculator,replacementComputeValue,objectContainerInitCallbacks,objectContainerDestroyCallbacks,abstractBean,abstractBeanImp,commandManager1,command1,org.springframework.beans.factory.config.CustomScopeConfigurer#0,lifecycleProcessor,com.web.things.springioc.InstantiationTracingBeanPostProcessor#0]; root of factory hierarchy
2013-10-28 13:52:55,828-[TS] INFO main com.web.things.springioc.InstantiationTracingBeanPostProcessor - Bean 'personDao' before created : com.web.things.springioc.dao.PersonDao@16e1fb1
2013-10-28 13:52:55,828-[TS] INFO main com.web.things.springioc.InstantiationTracingBeanPostProcessor - Bean 'personDao' created : com.web.things.springioc.dao.PersonDao@16e1fb1
2013-10-28 13:52:55,837-[TS] INFO main com.web.things.springioc.InstantiationTracingBeanPostProcessor - Bean 'personService' before created : com.web.things.springioc.service.imp.PersonServiceImp@c05d3b
2013-10-28 13:52:55,838-[TS] INFO main com.web.things.springioc.InstantiationTracingBeanPostProcessor - Bean 'personService' created : com.web.things.springioc.service.imp.PersonServiceImp@c05d3b
2013-10-28 13:52:55,842-[TS] INFO main com.web.things.springioc.InstantiationTracingBeanPostProcessor - Bean 'firstIocForPrototype' before created : com.web.things.springioc.FirstIocForPrototype@166afb3
2013-10-28 13:52:55,843-[TS] INFO main com.web.things.springioc.InstantiationTracingBeanPostProcessor - Bean 'firstIocForPrototype' created : com.web.things.springioc.FirstIocForPrototype@166afb3
2013-10-28 13:52:55,847-[TS] INFO main com.web.things.springioc.InstantiationTracingBeanPostProcessor - Bean 'firstIoc' before created : com.web.things.springioc.FirstIoc@12d96f2
2013-10-28 13:52:55,848-[TS] INFO main com.web.things.springioc.InstantiationTracingBeanPostProcessor - Bean 'firstIoc' created : com.web.things.springioc.FirstIoc@12d96f2
2013-10-28 13:52:55,850-[TS] INFO main com.web.things.springioc.InstantiationTracingBeanPostProcessor - Bean 'firstIoc1' before created : com.web.things.springioc.FirstIoc@af993e
2013-10-28 13:52:55,851-[TS] INFO main com.web.things.springioc.InstantiationTracingBeanPostProcessor - Bean 'firstIoc1' created : com.web.things.springioc.FirstIoc@af993e
2013-10-28 13:52:55,908-[TS] INFO main com.web.things.springioc.InstantiationTracingBeanPostProcessor - Bean 'singletonClass' before created : com.web.things.springioc.SingletonClass@19836ed
2013-10-28 13:52:55,909-[TS] INFO main com.web.things.springioc.InstantiationTracingBeanPostProcessor - Bean 'singletonClass' created : com.web.things.springioc.SingletonClass@19836ed
2013-10-28 13:52:55,911-[TS] INFO main com.web.things.springioc.InstantiationTracingBeanPostProcessor - Bean 'clientServiceLocator' before created : com.web.things.springioc.ClientServiceLocator@39443f
2013-10-28 13:52:55,911-[TS] INFO main com.web.things.springioc.InstantiationTracingBeanPostProcessor - Bean 'clientServiceLocator' created : com.web.things.springioc.ClientServiceLocator@39443f
2013-10-28 13:52:55,913-[TS] INFO main com.web.things.springioc.InstantiationTracingBeanPostProcessor - Bean 'clientService' before created : com.web.things.springioc.ClientServiceImpl@da4b71
2013-10-28 13:52:55,913-[TS] INFO main com.web.things.springioc.InstantiationTracingBeanPostProcessor - Bean 'clientService' created : com.web.things.springioc.ClientServiceImpl@da4b71
2013-10-28 13:52:55,931-[TS] INFO main com.web.things.springioc.InstantiationTracingBeanPostProcessor - Bean 'exampleBeanConstructor' before created : com.web.things.springioc.ExampleBean@76fba0
2013-10-28 13:52:55,931-[TS] INFO main com.web.things.springioc.InstantiationTracingBeanPostProcessor - Bean 'exampleBeanConstructor' created : com.web.things.springioc.ExampleBean@76fba0
2013-10-28 13:52:55,954-[TS] INFO main com.web.things.springioc.InstantiationTracingBeanPostProcessor - Bean 'exampleBeanConstructor1' before created : com.web.things.springioc.ExampleBean1@9cbd4b
2013-10-28 13:52:55,955-[TS] INFO main com.web.things.springioc.InstantiationTracingBeanPostProcessor - Bean 'exampleBeanConstructor1' created : com.web.things.springioc.ExampleBean1@9cbd4b
2013-10-28 13:52:55,956-[TS] INFO main com.web.things.springioc.InstantiationTracingBeanPostProcessor - Bean 'exampleBean3Another' before created : com.web.things.springioc.ExampleBean3Another@4f9fdc
2013-10-28 13:52:55,956-[TS] INFO main com.web.things.springioc.InstantiationTracingBeanPostProcessor - Bean 'exampleBean3Another' created : com.web.things.springioc.ExampleBean3Another@4f9fdc
2013-10-28 13:52:55,958-[TS] INFO main com.web.things.springioc.InstantiationTracingBeanPostProcessor - Bean 'exampleBean3' before created : com.web.things.springioc.ExampleBean3@e95a56
2013-10-28 13:52:55,959-[TS] INFO main com.web.things.springioc.InstantiationTracingBeanPostProcessor - Bean 'exampleBean3' created : com.web.things.springioc.ExampleBean3@e95a56
2013-10-28 13:52:55,963-[TS] INFO main com.web.things.springioc.InstantiationTracingBeanPostProcessor - Bean 'exampleBean2' before created : com.web.things.springioc.ExampleBean2@1ffc686
2013-10-28 13:52:55,964-[TS] INFO main com.web.things.springioc.InstantiationTracingBeanPostProcessor - Bean 'exampleBean2' created : com.web.things.springioc.ExampleBean2@1ffc686
2013-10-28 13:52:55,971-[TS] INFO main com.web.things.springioc.InstantiationTracingBeanPostProcessor - Bean 'circularDependencyClass2' before created : com.web.things.springioc.CircularDependencyClass2@961dff
2013-10-28 13:52:55,972-[TS] INFO main com.web.things.springioc.InstantiationTracingBeanPostProcessor - Bean 'circularDependencyClass2' created : com.web.things.springioc.CircularDependencyClass2@961dff
2013-10-28 13:52:55,975-[TS] INFO main com.web.things.springioc.InstantiationTracingBeanPostProcessor - Bean 'circularDependencyClass1' before created : com.web.things.springioc.CircularDependencyClass1@1aaf0b3
2013-10-28 13:52:55,975-[TS] INFO main com.web.things.springioc.InstantiationTracingBeanPostProcessor - Bean 'circularDependencyClass1' created : com.web.things.springioc.CircularDependencyClass1@1aaf0b3
2013-10-28 13:52:55,978-[TS] INFO main com.web.things.springioc.InstantiationTracingBeanPostProcessor - Bean 'DAOPropertiesTest' before created : com.web.things.springioc.dao.DaoProperties@1f297e7
2013-10-28 13:52:55,979-[TS] INFO main com.web.things.springioc.InstantiationTracingBeanPostProcessor - Bean 'DAOPropertiesTest' created : com.web.things.springioc.dao.DaoProperties@1f297e7
2013-10-28 13:52:55,981-[TS] INFO main com.web.things.springioc.InstantiationTracingBeanPostProcessor - Bean 'DAOPropertiesTest2' before created : com.web.things.springioc.dao.DaoProperties@1d2fc36
2013-10-28 13:52:55,981-[TS] INFO main com.web.things.springioc.InstantiationTracingBeanPostProcessor - Bean 'DAOPropertiesTest2' created : com.web.things.springioc.dao.DaoProperties@1d2fc36
2013-10-28 13:52:55,985-[TS] INFO main com.web.things.springioc.InstantiationTracingBeanPostProcessor - Bean 'idRefBean' before created : com.web.things.springioc.IdRefBean@42552c
2013-10-28 13:52:55,985-[TS] INFO main com.web.things.springioc.InstantiationTracingBeanPostProcessor - Bean 'idRefBean' created : com.web.things.springioc.IdRefBean@42552c
2013-10-28 13:52:55,987-[TS] INFO main com.web.things.springioc.InstantiationTracingBeanPostProcessor - Bean 'com.web.things.springioc.ExampleBean#12bb7e0' before created : com.web.things.springioc.ExampleBean@19e15c
2013-10-28 13:52:55,987-[TS] INFO main com.web.things.springioc.InstantiationTracingBeanPostProcessor - Bean 'com.web.things.springioc.ExampleBean#12bb7e0' created : com.web.things.springioc.ExampleBean@19e15c
2013-10-28 13:52:55,989-[TS] INFO main com.web.things.springioc.InstantiationTracingBeanPostProcessor - Bean 'innerBean' before created : com.web.things.springioc.InnerBean@170888e
2013-10-28 13:52:55,990-[TS] INFO main com.web.things.springioc.InstantiationTracingBeanPostProcessor - Bean 'innerBean' created : com.web.things.springioc.InnerBean@170888e
2013-10-28 13:52:55,996-[TS] INFO main com.web.things.springioc.InstantiationTracingBeanPostProcessor - Bean 'collectionBean' before created : com.web.things.springioc.CollectionBean@1b64e6a
2013-10-28 13:52:55,997-[TS] INFO main com.web.things.springioc.InstantiationTracingBeanPostProcessor - Bean 'collectionBean' created : com.web.things.springioc.CollectionBean@1b64e6a
2013-10-28 13:52:56,000-[TS] INFO main com.web.things.springioc.InstantiationTracingBeanPostProcessor - Bean 'collectionBeanMerge' before created : com.web.things.springioc.CollectionBean@1d62270
2013-10-28 13:52:56,001-[TS] INFO main com.web.things.springioc.InstantiationTracingBeanPostProcessor - Bean 'collectionBeanMerge' created : com.web.things.springioc.CollectionBean@1d62270
2013-10-28 13:52:56,140-[TS] INFO main com.web.things.springioc.InstantiationTracingBeanPostProcessor - Bean 'myValueCalculator' before created : com.web.things.springioc.MyValueCalculator$$EnhancerByCGLIB$$c091bf52@1e57e8f
2013-10-28 13:52:56,140-[TS] INFO main com.web.things.springioc.InstantiationTracingBeanPostProcessor - Bean 'myValueCalculator' created : com.web.things.springioc.MyValueCalculator$$EnhancerByCGLIB$$c091bf52@1e57e8f
2013-10-28 13:52:56,141-[TS] INFO main com.web.things.springioc.InstantiationTracingBeanPostProcessor - Bean 'replacementComputeValue' before created : com.web.things.springioc.ReplacementComputeValue@1d7fbfb
2013-10-28 13:52:56,142-[TS] INFO main com.web.things.springioc.InstantiationTracingBeanPostProcessor - Bean 'replacementComputeValue' created : com.web.things.springioc.ReplacementComputeValue@1d7fbfb
2013-10-28 13:52:56,143-[TS] INFO main com.web.things.springioc.InstantiationTracingBeanPostProcessor - Bean 'objectContainerInitCallbacks' before created : com.web.things.springioc.ObjectContainerInitCallbacks@e020c9
2013-10-28 13:52:56,144-[TS] INFO main com.web.things.springioc.InstantiationTracingBeanPostProcessor - Bean 'objectContainerInitCallbacks' created : com.web.things.springioc.ObjectContainerInitCallbacks@e020c9
2013-10-28 13:52:56,145-[TS] INFO main com.web.things.springioc.InstantiationTracingBeanPostProcessor - Bean 'objectContainerDestroyCallbacks' before created : com.web.things.springioc.ObjectContainerDestroyCallbacks@888e6c
2013-10-28 13:52:56,145-[TS] INFO main com.web.things.springioc.InstantiationTracingBeanPostProcessor - Bean 'objectContainerDestroyCallbacks' created : com.web.things.springioc.ObjectContainerDestroyCallbacks@888e6c
2013-10-28 13:52:56,151-[TS] INFO main com.web.things.springioc.InstantiationTracingBeanPostProcessor - Bean 'abstractBeanImp' before created : com.web.things.springioc.AbstractBeanImp@5f6303
2013-10-28 13:52:56,151-[TS] INFO main com.web.things.springioc.InstantiationTracingBeanPostProcessor - Bean 'abstractBeanImp' created : com.web.things.springioc.AbstractBeanImp@5f6303
2013-10-28 13:52:56,159-[TS] INFO main com.web.things.springioc.InstantiationTracingBeanPostProcessor - Bean 'commandManager1' before created : com.web.things.springioc.manager.CommandManager1$$EnhancerByCGLIB$$2edd3628@e61fd1
2013-10-28 13:52:56,159-[TS] INFO main com.web.things.springioc.InstantiationTracingBeanPostProcessor - Bean 'commandManager1' created : com.web.things.springioc.manager.CommandManager1$$EnhancerByCGLIB$$2edd3628@e61fd1
2013-10-28 13:52:56,164-[TS] INFO main com.web.things.springioc.InstantiationTracingBeanPostProcessor - Bean 'command1' before created : com.web.things.springioc.Command@32784a
2013-10-28 13:52:56,165-[TS] INFO main com.web.things.springioc.InstantiationTracingBeanPostProcessor - Bean 'command1' created : com.web.things.springioc.Command@32784a
2013-10-28 13:52:56,172-[TS] INFO main com.web.things.springioc.InstantiationTracingBeanPostProcessor - Bean 'lifecycleProcessor' before created : org.springframework.context.support.DefaultLifecycleProcessor@3fa5ac
2013-10-28 13:52:56,172-[TS] INFO main com.web.things.springioc.InstantiationTracingBeanPostProcessor - Bean 'lifecycleProcessor' created : org.springframework.context.support.DefaultLifecycleProcessor@3fa5ac
2013-10-28 13:52:56,182-[TS] INFO main org.springframework.context.support.FileSystemXmlApplicationContext - Refreshing org.springframework.context.support.FileSystemXmlApplicationContext@11ff436: startup date [Mon Oct 28 13:52:56 CST 2013]; root of context hierarchy
2013-10-28 13:52:56,186-[TS] INFO main org.springframework.beans.factory.xml.XmlBeanDefinitionReader - Loading XML bean definitions from file [E:\webthingsProject\water\springioc\target\classes\spring-context.xml]
2013-10-28 13:52:56,208-[TS] INFO main org.springframework.beans.factory.xml.XmlBeanDefinitionReader - Loading XML bean definitions from file [E:\webthingsProject\water\springioc\target\classes\spring-context-study.xml]
2013-10-28 13:52:56,255-[TS] INFO main org.springframework.beans.factory.xml.XmlBeanDefinitionReader - Loading XML bean definitions from file [E:\webthingsProject\water\springioc\target\classes\spring-context-dao.xml]
2013-10-28 13:52:56,274-[TS] INFO main org.springframework.beans.factory.xml.XmlBeanDefinitionReader - Loading XML bean definitions from file [E:\webthingsProject\water\springioc\target\classes\spring-manager.xml]
2013-10-28 13:52:56,328-[TS] INFO main org.springframework.beans.factory.support.DefaultListableBeanFactory - Pre-instantiating singletons in org.springframework.beans.factory.support.DefaultListableBeanFactory@16c79d7: defining beans [personService,firstIoc,firstIoc1,firstIocForPrototype,firstIocForScopeRequest,singletonClass,clientServiceLocator,clientService,exampleBeanConstructor,exampleBeanConstructor1,exampleBean3,exampleBean3Another,exampleBean2,circularDependencyClass1,circularDependencyClass2,DAOPropertiesTest,DAOPropertiesTest2,idRefBean,innerBean,collectionBean,collectionBeanMerge,myValueCalculator,replacementComputeValue,objectContainerInitCallbacks,objectContainerDestroyCallbacks,abstractBean,abstractBeanImp,personDao,commandManager1,command1]; root of factory hierarchy
2013-10-28 13:52:56,358-[TS] INFO Thread-0 org.springframework.context.support.ClassPathXmlApplicationContext - Closing org.springframework.context.support.ClassPathXmlApplicationContext@1858610: startup date [Mon Oct 28 13:52:54 CST 2013]; root of context hierarchy
2013-10-28 13:52:56,360-[TS] INFO Thread-0 org.springframework.beans.factory.support.DefaultListableBeanFactory - Destroying singletons in org.springframework.beans.factory.support.DefaultListableBeanFactory@120d62b: defining beans [personDao,personService,firstIoc,firstIoc1,firstIocForPrototype,firstIocForScopeRequest,singletonClass,clientServiceLocator,clientService,exampleBeanConstructor,exampleBeanConstructor1,exampleBean3,exampleBean3Another,exampleBean2,circularDependencyClass1,circularDependencyClass2,DAOPropertiesTest,DAOPropertiesTest2,idRefBean,innerBean,collectionBean,collectionBeanMerge,myValueCalculator,replacementComputeValue,objectContainerInitCallbacks,objectContainerDestroyCallbacks,abstractBean,abstractBeanImp,commandManager1,command1,org.springframework.beans.factory.config.CustomScopeConfigurer#0,lifecycleProcessor,com.web.things.springioc.InstantiationTracingBeanPostProcessor#0]; root of factory hierarchy
2013-10-28 13:55:00,812-[TS] INFO main org.springframework.context.support.ClassPathXmlApplicationContext - Refreshing org.springframework.context.support.ClassPathXmlApplicationContext@1858610: startup date [Mon Oct 28 13:55:00 CST 2013]; root of context hierarchy
2013-10-28 13:55:00,980-[TS] INFO main org.springframework.beans.factory.xml.XmlBeanDefinitionReader - Loading XML bean definitions from class path resource [spring.xml]
2013-10-28 13:55:01,282-[TS] INFO main org.springframework.beans.factory.xml.XmlBeanDefinitionReader - Loading XML bean definitions from class path resource [spring-context-dao.xml]
2013-10-28 13:55:01,383-[TS] INFO main org.springframework.beans.factory.xml.XmlBeanDefinitionReader - Loading XML bean definitions from class path resource [spring-context.xml]
2013-10-28 13:55:01,434-[TS] INFO main org.springframework.beans.factory.xml.XmlBeanDefinitionReader - Loading XML bean definitions from class path resource [spring-context-study.xml]
2013-10-28 13:55:01,542-[TS] INFO main org.springframework.beans.factory.xml.XmlBeanDefinitionReader - Loading XML bean definitions from class path resource [spring-manager.xml]
2013-10-28 13:55:01,581-[TS] INFO main org.springframework.beans.factory.xml.XmlBeanDefinitionReader - Loading XML bean definitions from class path resource [spring-context-custom.xml]
2013-10-28 13:55:01,873-[TS] INFO main org.springframework.beans.factory.support.DefaultListableBeanFactory - Pre-instantiating singletons in org.springframework.beans.factory.support.DefaultListableBeanFactory@10849bc: defining beans [personDao,personService,firstIoc,firstIoc1,firstIocForPrototype,firstIocForScopeRequest,singletonClass,clientServiceLocator,clientService,exampleBeanConstructor,exampleBeanConstructor1,exampleBean3,exampleBean3Another,exampleBean2,circularDependencyClass1,circularDependencyClass2,DAOPropertiesTest,DAOPropertiesTest2,idRefBean,innerBean,collectionBean,collectionBeanMerge,myValueCalculator,replacementComputeValue,objectContainerInitCallbacks,objectContainerDestroyCallbacks,abstractBean,abstractBeanImp,commandManager1,command1,org.springframework.beans.factory.config.CustomScopeConfigurer#0,lifecycleProcessor,com.web.things.springioc.InstantiationTracingBeanPostProcessor#0]; root of factory hierarchy
2013-10-28 13:55:01,877-[TS] INFO main com.web.things.springioc.InstantiationTracingBeanPostProcessor - Bean 'personDao' before created : com.web.things.springioc.dao.PersonDao@16bd8ea
2013-10-28 13:55:01,877-[TS] INFO main com.web.things.springioc.InstantiationTracingBeanPostProcessor - Bean 'personDao' created : com.web.things.springioc.dao.PersonDao@16bd8ea
2013-10-28 13:55:01,884-[TS] INFO main com.web.things.springioc.InstantiationTracingBeanPostProcessor - Bean 'personService' before created : com.web.things.springioc.service.imp.PersonServiceImp@119dc16
2013-10-28 13:55:01,885-[TS] INFO main com.web.things.springioc.InstantiationTracingBeanPostProcessor - Bean 'personService' created : com.web.things.springioc.service.imp.PersonServiceImp@119dc16
2013-10-28 13:55:01,892-[TS] INFO main com.web.things.springioc.InstantiationTracingBeanPostProcessor - Bean 'firstIocForPrototype' before created : com.web.things.springioc.FirstIocForPrototype@6bade9
2013-10-28 13:55:01,893-[TS] INFO main com.web.things.springioc.InstantiationTracingBeanPostProcessor - Bean 'firstIocForPrototype' created : com.web.things.springioc.FirstIocForPrototype@6bade9
2013-10-28 13:55:01,898-[TS] INFO main com.web.things.springioc.InstantiationTracingBeanPostProcessor - Bean 'firstIoc' before created : com.web.things.springioc.FirstIoc@b5dac4
2013-10-28 13:55:01,899-[TS] INFO main com.web.things.springioc.InstantiationTracingBeanPostProcessor - Bean 'firstIoc' created : com.web.things.springioc.FirstIoc@b5dac4
2013-10-28 13:55:01,903-[TS] INFO main com.web.things.springioc.InstantiationTracingBeanPostProcessor - Bean 'firstIoc1' before created : com.web.things.springioc.FirstIoc@1542a75
2013-10-28 13:55:01,904-[TS] INFO main com.web.things.springioc.InstantiationTracingBeanPostProcessor - Bean 'firstIoc1' created : com.web.things.springioc.FirstIoc@1542a75
2013-10-28 13:55:01,965-[TS] INFO main com.web.things.springioc.InstantiationTracingBeanPostProcessor - Bean 'singletonClass' before created : com.web.things.springioc.SingletonClass@e6f7d2
2013-10-28 13:55:01,966-[TS] INFO main com.web.things.springioc.InstantiationTracingBeanPostProcessor - Bean 'singletonClass' created : com.web.things.springioc.SingletonClass@e6f7d2
2013-10-28 13:55:01,969-[TS] INFO main com.web.things.springioc.InstantiationTracingBeanPostProcessor - Bean 'clientServiceLocator' before created : com.web.things.springioc.ClientServiceLocator@3e0ebb
2013-10-28 13:55:01,970-[TS] INFO main com.web.things.springioc.InstantiationTracingBeanPostProcessor - Bean 'clientServiceLocator' created : com.web.things.springioc.ClientServiceLocator@3e0ebb
2013-10-28 13:55:01,972-[TS] INFO main com.web.things.springioc.InstantiationTracingBeanPostProcessor - Bean 'clientService' before created : com.web.things.springioc.ClientServiceImpl@1afae45
2013-10-28 13:55:01,972-[TS] INFO main com.web.things.springioc.InstantiationTracingBeanPostProcessor - Bean 'clientService' created : com.web.things.springioc.ClientServiceImpl@1afae45
2013-10-28 13:55:01,995-[TS] INFO main com.web.things.springioc.InstantiationTracingBeanPostProcessor - Bean 'exampleBeanConstructor' before created : com.web.things.springioc.ExampleBean@530cf2
2013-10-28 13:55:01,995-[TS] INFO main com.web.things.springioc.InstantiationTracingBeanPostProcessor - Bean 'exampleBeanConstructor' created : com.web.things.springioc.ExampleBean@530cf2
2013-10-28 13:55:02,016-[TS] INFO main com.web.things.springioc.InstantiationTracingBeanPostProcessor - Bean 'exampleBeanConstructor1' before created : com.web.things.springioc.ExampleBean1@1eb2c1b
2013-10-28 13:55:02,016-[TS] INFO main com.web.things.springioc.InstantiationTracingBeanPostProcessor - Bean 'exampleBeanConstructor1' created : com.web.things.springioc.ExampleBean1@1eb2c1b
2013-10-28 13:55:02,017-[TS] INFO main com.web.things.springioc.InstantiationTracingBeanPostProcessor - Bean 'exampleBean3Another' before created : com.web.things.springioc.ExampleBean3Another@9cbd4b
2013-10-28 13:55:02,018-[TS] INFO main com.web.things.springioc.InstantiationTracingBeanPostProcessor - Bean 'exampleBean3Another' created : com.web.things.springioc.ExampleBean3Another@9cbd4b
2013-10-28 13:55:02,020-[TS] INFO main com.web.things.springioc.InstantiationTracingBeanPostProcessor - Bean 'exampleBean3' before created : com.web.things.springioc.ExampleBean3@1632847
2013-10-28 13:55:02,020-[TS] INFO main com.web.things.springioc.InstantiationTracingBeanPostProcessor - Bean 'exampleBean3' created : com.web.things.springioc.ExampleBean3@1632847
2013-10-28 13:55:02,024-[TS] INFO main com.web.things.springioc.InstantiationTracingBeanPostProcessor - Bean 'exampleBean2' before created : com.web.things.springioc.ExampleBean2@ca470
2013-10-28 13:55:02,025-[TS] INFO main com.web.things.springioc.InstantiationTracingBeanPostProcessor - Bean 'exampleBean2' created : com.web.things.springioc.ExampleBean2@ca470
2013-10-28 13:55:02,029-[TS] INFO main com.web.things.springioc.InstantiationTracingBeanPostProcessor - Bean 'circularDependencyClass2' before created : com.web.things.springioc.CircularDependencyClass2@fcfa52
2013-10-28 13:55:02,030-[TS] INFO main com.web.things.springioc.InstantiationTracingBeanPostProcessor - Bean 'circularDependencyClass2' created : com.web.things.springioc.CircularDependencyClass2@fcfa52
2013-10-28 13:55:02,034-[TS] INFO main com.web.things.springioc.InstantiationTracingBeanPostProcessor - Bean 'circularDependencyClass1' before created : com.web.things.springioc.CircularDependencyClass1@1fc6e42
2013-10-28 13:55:02,034-[TS] INFO main com.web.things.springioc.InstantiationTracingBeanPostProcessor - Bean 'circularDependencyClass1' created : com.web.things.springioc.CircularDependencyClass1@1fc6e42
2013-10-28 13:55:02,038-[TS] INFO main com.web.things.springioc.InstantiationTracingBeanPostProcessor - Bean 'DAOPropertiesTest' before created : com.web.things.springioc.dao.DaoProperties@f0c85e
2013-10-28 13:55:02,039-[TS] INFO main com.web.things.springioc.InstantiationTracingBeanPostProcessor - Bean 'DAOPropertiesTest' created : com.web.things.springioc.dao.DaoProperties@f0c85e
2013-10-28 13:55:02,040-[TS] INFO main com.web.things.springioc.InstantiationTracingBeanPostProcessor - Bean 'DAOPropertiesTest2' before created : com.web.things.springioc.dao.DaoProperties@1f297e7
2013-10-28 13:55:02,041-[TS] INFO main com.web.things.springioc.InstantiationTracingBeanPostProcessor - Bean 'DAOPropertiesTest2' created : com.web.things.springioc.dao.DaoProperties@1f297e7
2013-10-28 13:55:02,044-[TS] INFO main com.web.things.springioc.InstantiationTracingBeanPostProcessor - Bean 'idRefBean' before created : com.web.things.springioc.IdRefBean@175078b
2013-10-28 13:55:02,045-[TS] INFO main com.web.things.springioc.InstantiationTracingBeanPostProcessor - Bean 'idRefBean' created : com.web.things.springioc.IdRefBean@175078b
2013-10-28 13:55:02,046-[TS] INFO main com.web.things.springioc.InstantiationTracingBeanPostProcessor - Bean 'com.web.things.springioc.ExampleBean#12bb7e0' before created : com.web.things.springioc.ExampleBean@8ee016
2013-10-28 13:55:02,047-[TS] INFO main com.web.things.springioc.InstantiationTracingBeanPostProcessor - Bean 'com.web.things.springioc.ExampleBean#12bb7e0' created : com.web.things.springioc.ExampleBean@8ee016
2013-10-28 13:55:02,050-[TS] INFO main com.web.things.springioc.InstantiationTracingBeanPostProcessor - Bean 'innerBean' before created : com.web.things.springioc.InnerBean@210b5b
2013-10-28 13:55:02,050-[TS] INFO main com.web.things.springioc.InstantiationTracingBeanPostProcessor - Bean 'innerBean' created : com.web.things.springioc.InnerBean@210b5b
2013-10-28 13:55:02,058-[TS] INFO main com.web.things.springioc.InstantiationTracingBeanPostProcessor - Bean 'collectionBean' before created : com.web.things.springioc.CollectionBean@1f06dc3
2013-10-28 13:55:02,059-[TS] INFO main com.web.things.springioc.InstantiationTracingBeanPostProcessor - Bean 'collectionBean' created : com.web.things.springioc.CollectionBean@1f06dc3
2013-10-28 13:55:02,061-[TS] INFO main com.web.things.springioc.InstantiationTracingBeanPostProcessor - Bean 'collectionBeanMerge' before created : com.web.things.springioc.CollectionBean@1b64e6a
2013-10-28 13:55:02,062-[TS] INFO main com.web.things.springioc.InstantiationTracingBeanPostProcessor - Bean 'collectionBeanMerge' created : com.web.things.springioc.CollectionBean@1b64e6a
2013-10-28 13:55:02,237-[TS] INFO main com.web.things.springioc.InstantiationTracingBeanPostProcessor - Bean 'myValueCalculator' before created : com.web.things.springioc.MyValueCalculator$$EnhancerByCGLIB$$c091bf52@e3c624
2013-10-28 13:55:02,238-[TS] INFO main com.web.things.springioc.InstantiationTracingBeanPostProcessor - Bean 'myValueCalculator' created : com.web.things.springioc.MyValueCalculator$$EnhancerByCGLIB$$c091bf52@e3c624
2013-10-28 13:55:02,239-[TS] INFO main com.web.things.springioc.InstantiationTracingBeanPostProcessor - Bean 'replacementComputeValue' before created : com.web.things.springioc.ReplacementComputeValue@1e57e8f
2013-10-28 13:55:02,239-[TS] INFO main com.web.things.springioc.InstantiationTracingBeanPostProcessor - Bean 'replacementComputeValue' created : com.web.things.springioc.ReplacementComputeValue@1e57e8f
2013-10-28 13:55:02,240-[TS] INFO main com.web.things.springioc.InstantiationTracingBeanPostProcessor - Bean 'objectContainerInitCallbacks' before created : com.web.things.springioc.ObjectContainerInitCallbacks@1d7fbfb
2013-10-28 13:55:02,241-[TS] INFO main com.web.things.springioc.InstantiationTracingBeanPostProcessor - Bean 'objectContainerInitCallbacks' created : com.web.things.springioc.ObjectContainerInitCallbacks@1d7fbfb
2013-10-28 13:55:02,242-[TS] INFO main com.web.things.springioc.InstantiationTracingBeanPostProcessor - Bean 'objectContainerDestroyCallbacks' before created : com.web.things.springioc.ObjectContainerDestroyCallbacks@e020c9
2013-10-28 13:55:02,242-[TS] INFO main com.web.things.springioc.InstantiationTracingBeanPostProcessor - Bean 'objectContainerDestroyCallbacks' created : com.web.things.springioc.ObjectContainerDestroyCallbacks@e020c9
2013-10-28 13:55:02,249-[TS] INFO main com.web.things.springioc.InstantiationTracingBeanPostProcessor - Bean 'abstractBeanImp' before created : com.web.things.springioc.AbstractBeanImp@15a6029
2013-10-28 13:55:02,250-[TS] INFO main com.web.things.springioc.InstantiationTracingBeanPostProcessor - Bean 'abstractBeanImp' created : com.web.things.springioc.AbstractBeanImp@15a6029
2013-10-28 13:55:02,257-[TS] INFO main com.web.things.springioc.InstantiationTracingBeanPostProcessor - Bean 'commandManager1' before created : com.web.things.springioc.manager.CommandManager1$$EnhancerByCGLIB$$2edd3628@bad8a8
2013-10-28 13:55:02,258-[TS] INFO main com.web.things.springioc.InstantiationTracingBeanPostProcessor - Bean 'commandManager1' created : com.web.things.springioc.manager.CommandManager1$$EnhancerByCGLIB$$2edd3628@bad8a8
2013-10-28 13:55:02,263-[TS] INFO main com.web.things.springioc.InstantiationTracingBeanPostProcessor - Bean 'command1' before created : com.web.things.springioc.Command@766a24
2013-10-28 13:55:02,263-[TS] INFO main com.web.things.springioc.InstantiationTracingBeanPostProcessor - Bean 'command1' created : com.web.things.springioc.Command@766a24
2013-10-28 13:55:02,273-[TS] INFO main com.web.things.springioc.InstantiationTracingBeanPostProcessor - Bean 'lifecycleProcessor' before created : org.springframework.context.support.DefaultLifecycleProcessor@104c575
2013-10-28 13:55:02,273-[TS] INFO main com.web.things.springioc.InstantiationTracingBeanPostProcessor - Bean 'lifecycleProcessor' created : org.springframework.context.support.DefaultLifecycleProcessor@104c575
2013-10-28 13:55:02,285-[TS] INFO main org.springframework.context.support.FileSystemXmlApplicationContext - Refreshing org.springframework.context.support.FileSystemXmlApplicationContext@feb48: startup date [Mon Oct 28 13:55:02 CST 2013]; root of context hierarchy
2013-10-28 13:55:02,290-[TS] INFO main org.springframework.beans.factory.xml.XmlBeanDefinitionReader - Loading XML bean definitions from file [E:\webthingsProject\water\springioc\target\classes\spring-context.xml]
2013-10-28 13:55:02,325-[TS] INFO main org.springframework.beans.factory.xml.XmlBeanDefinitionReader - Loading XML bean definitions from file [E:\webthingsProject\water\springioc\target\classes\spring-context-study.xml]
2013-10-28 13:55:02,383-[TS] INFO main org.springframework.beans.factory.xml.XmlBeanDefinitionReader - Loading XML bean definitions from file [E:\webthingsProject\water\springioc\target\classes\spring-context-dao.xml]
2013-10-28 13:55:02,408-[TS] INFO main org.springframework.beans.factory.xml.XmlBeanDefinitionReader - Loading XML bean definitions from file [E:\webthingsProject\water\springioc\target\classes\spring-manager.xml]
2013-10-28 13:55:02,473-[TS] INFO main org.springframework.beans.factory.support.DefaultListableBeanFactory - Pre-instantiating singletons in org.springframework.beans.factory.support.DefaultListableBeanFactory@17431b9: defining beans [personService,firstIoc,firstIoc1,firstIocForPrototype,firstIocForScopeRequest,singletonClass,clientServiceLocator,clientService,exampleBeanConstructor,exampleBeanConstructor1,exampleBean3,exampleBean3Another,exampleBean2,circularDependencyClass1,circularDependencyClass2,DAOPropertiesTest,DAOPropertiesTest2,idRefBean,innerBean,collectionBean,collectionBeanMerge,myValueCalculator,replacementComputeValue,objectContainerInitCallbacks,objectContainerDestroyCallbacks,abstractBean,abstractBeanImp,personDao,commandManager1,command1]; root of factory hierarchy
2013-10-28 13:55:02,508-[TS] INFO Thread-0 org.springframework.context.support.ClassPathXmlApplicationContext - Closing org.springframework.context.support.ClassPathXmlApplicationContext@1858610: startup date [Mon Oct 28 13:55:00 CST 2013]; root of context hierarchy
2013-10-28 13:55:02,510-[TS] INFO Thread-0 org.springframework.beans.factory.support.DefaultListableBeanFactory - Destroying singletons in org.springframework.beans.factory.support.DefaultListableBeanFactory@10849bc: defining beans [personDao,personService,firstIoc,firstIoc1,firstIocForPrototype,firstIocForScopeRequest,singletonClass,clientServiceLocator,clientService,exampleBeanConstructor,exampleBeanConstructor1,exampleBean3,exampleBean3Another,exampleBean2,circularDependencyClass1,circularDependencyClass2,DAOPropertiesTest,DAOPropertiesTest2,idRefBean,innerBean,collectionBean,collectionBeanMerge,myValueCalculator,replacementComputeValue,objectContainerInitCallbacks,objectContainerDestroyCallbacks,abstractBean,abstractBeanImp,commandManager1,command1,org.springframework.beans.factory.config.CustomScopeConfigurer#0,lifecycleProcessor,com.web.things.springioc.InstantiationTracingBeanPostProcessor#0]; root of factory hierarchy
